<?xml version="1.0" encoding="UTF-8"?>
<testsuite xmlns:xsi="http://www.w3.org/2001/XMLSchema-instance" xsi:noNamespaceSchemaLocation="https://maven.apache.org/surefire/maven-surefire-plugin/xsd/surefire-test-report-3.0.xsd" version="3.0" name="TestSuite" time="32.563" tests="12" errors="0" skipped="0" failures="6">
  <properties>
[...]
</properties>
  <testcase name="testA" classname="suitea.TestA" time="3.023"/>
  <testcase name="testA" classname="suitea.TestA" time="3.007"/>
  <testcase name="testAA" classname="suitea.TestAA" time="3.034">
    <failure message="The following asserts failed:&#10;	Text doesn&apos;t match" type="java.lang.AssertionError"><![CDATA[java.lang.AssertionError: 
The following asserts failed:
	Text doesn't match
	at suitea.TestAA.testAA(TestAA.java:21)
]]></failure>
    <system-out><![CDATA[--------------------------------------Test Passed
Pass Test name testA
___________________________________________________After Method
- this is the name of the Test TESTAA
-This is test for TESTAA
___________________________________________________Before Method
TESTAA
Starting AA
Logging into a webpage
Text doesn't match
U1AA P1AA
Ending AA
]]></system-out>
  </testcase>
  <testcase name="testAA" classname="suitea.TestAA" time="3.013">
    <failure message="The following asserts failed:&#10;	Text doesn&apos;t match" type="java.lang.AssertionError"><![CDATA[java.lang.AssertionError: 
The following asserts failed:
	Text doesn't match
	at suitea.TestAA.testAA(TestAA.java:21)
]]></failure>
    <system-out><![CDATA[--------------------------------------Test Failed
Failed Test name testAA
2
The following asserts failed:
	Text doesn't match
___________________________________________________After Method
___________________________________________________Before Method
TESTAA
Starting AA
Logging into a webpage
Text doesn't match
U2AA p2AA
Ending AA
]]></system-out>
  </testcase>
  <testcase name="testB" classname="suiteb.TestB" time="3.01"/>
  <testcase name="testB" classname="suiteb.TestB" time="3.011"/>
  <testcase name="testBB" classname="suiteb.TestBB" time="3.006"/>
  <testcase name="testBB" classname="suiteb.TestBB" time="3.009"/>
  <testcase name="testC" classname="suitec.TestC" time="0.007">
    <failure message="The following asserts failed:&#10;	a is not equals to b" type="java.lang.AssertionError"><![CDATA[java.lang.AssertionError: 
The following asserts failed:
	a is not equals to b
	at suitec.TestC.testC(TestC.java:14)
]]></failure>
    <system-out><![CDATA[--------------------------------------Test Passed
Pass Test name testBB
___________________________________________________After Method
-This is test for TESTC
___________________________________________________Before Method
TESTC
Starting C
Starting a web page
U1C P1C
a is not equals to b
]]></system-out>
  </testcase>
  <testcase name="testC" classname="suitec.TestC" time="0.004">
    <failure message="The following asserts failed:&#10;	a is not equals to b" type="java.lang.AssertionError"><![CDATA[java.lang.AssertionError: 
The following asserts failed:
	a is not equals to b
	at suitec.TestC.testC(TestC.java:14)
]]></failure>
    <system-out><![CDATA[--------------------------------------Test Failed
Failed Test name testC
2
The following asserts failed:
	a is not equals to b
___________________________________________________After Method
___________________________________________________Before Method
TESTC
Starting C
Starting a web page
U2C P2C
a is not equals to b
]]></system-out>
  </testcase>
  <testcase name="testCC" classname="suitec.TestCC" time="3.016">
    <failure message="The following asserts failed:&#10;	Text doesn&apos;t match" type="java.lang.AssertionError"><![CDATA[java.lang.AssertionError: 
The following asserts failed:
	Text doesn't match
	at suitec.TestCC.testCC(TestCC.java:16)
]]></failure>
    <system-out><![CDATA[--------------------------------------Test Failed
Failed Test name testC
2
The following asserts failed:
	a is not equals to b
___________________________________________________After Method
-This is test for TESTCC
___________________________________________________Before Method
TESTCC
Starting CC
Text doesn't match
U1CC P1CC
Ending CC
]]></system-out>
  </testcase>
  <testcase name="testCC" classname="suitec.TestCC" time="3.004">
    <failure message="The following asserts failed:&#10;	Text doesn&apos;t match" type="java.lang.AssertionError"><![CDATA[java.lang.AssertionError: 
The following asserts failed:
	Text doesn't match
	at suitec.TestCC.testCC(TestCC.java:16)
]]></failure>
    <system-out><![CDATA[--------------------------------------Test Failed
Failed Test name testCC
2
The following asserts failed:
	Text doesn't match
___________________________________________________After Method
___________________________________________________Before Method
TESTCC
Starting CC
Text doesn't match
U2CC P2CC
Ending CC
]]></system-out>
  </testcase>
</testsuite>