<?xml version="1.0" encoding="UTF-8"?>
<testng-results ignored="0" total="12" passed="6" failed="6" skipped="0">
  <reporter-output>
  </reporter-output>
  <suite started-at="2021-03-02T08:07:29 CST" name="Suite B" finished-at="2021-03-02T08:07:42 CST" duration-ms="12488">
    <groups>
      <group name="sanity">
        <method signature="TestB.testB(java.lang.String, java.lang.String)[pri:0, instance:suiteb.TestB@53aad5d5]" name="testB" class="suiteb.TestB"/>
      </group> <!-- sanity -->
      <group name="Browser">
        <method signature="TestB.testB(java.lang.String, java.lang.String)[pri:0, instance:suiteb.TestB@53aad5d5]" name="testB" class="suiteb.TestB"/>
      </group> <!-- Browser -->
    </groups>
    <test started-at="2021-03-02T08:07:29 CST" name="Test B" finished-at="2021-03-02T08:07:36 CST" duration-ms="6236">
      <class name="suiteb.TestB">
        <test-method is-config="true" signature="init(org.testng.ITestContext, org.testng.ITestResult)[pri:0, instance:suiteb.TestB@53aad5d5]" started-at="2021-03-02T08:07:29 CST" name="init" finished-at="2021-03-02T08:07:29 CST" duration-ms="1" status="PASS">
          <params>
            <param index="0">
              <value>
                <![CDATA[org.testng.TestRunner@493dfb8e]]>
              </value>
            </param>
            <param index="1">
              <value>
                <![CDATA[[TestResult name={null} status=CREATED method=TestB.testB(java.lang.String, java.lang.String)[pri:0, instance:suiteb.TestB@53aad5d5] output={null}]]]>
              </value>
            </param>
          </params>
          <reporter-output>
          </reporter-output>
        </test-method> <!-- init -->
        <test-method signature="testB(java.lang.String, java.lang.String)[pri:0, instance:suiteb.TestB@53aad5d5]" started-at="2021-03-02T08:07:29 CST" name="testB" data-provider="dataSuiteB" finished-at="2021-03-02T08:07:32 CST" duration-ms="3012" status="PASS">
          <params>
            <param index="0">
              <value>
                <![CDATA[U1B]]>
              </value>
            </param>
            <param index="1">
              <value>
                <![CDATA[P1B]]>
              </value>
            </param>
          </params>
          <reporter-output>
          </reporter-output>
        </test-method> <!-- testB -->
        <test-method is-config="true" signature="quit()[pri:0, instance:suiteb.TestB@53aad5d5]" started-at="2021-03-02T08:07:32 CST" name="quit" finished-at="2021-03-02T08:07:32 CST" duration-ms="155" status="PASS">
          <reporter-output>
          </reporter-output>
        </test-method> <!-- quit -->
        <test-method is-config="true" signature="init(org.testng.ITestContext, org.testng.ITestResult)[pri:0, instance:suiteb.TestB@53aad5d5]" started-at="2021-03-02T08:07:32 CST" name="init" finished-at="2021-03-02T08:07:32 CST" duration-ms="3" status="PASS">
          <params>
            <param index="0">
              <value>
                <![CDATA[org.testng.TestRunner@493dfb8e]]>
              </value>
            </param>
            <param index="1">
              <value>
                <![CDATA[[TestResult name={null} status=CREATED method=TestB.testB(java.lang.String, java.lang.String)[pri:0, instance:suiteb.TestB@53aad5d5] output={null}]]]>
              </value>
            </param>
          </params>
          <reporter-output>
          </reporter-output>
        </test-method> <!-- init -->
        <test-method signature="testB(java.lang.String, java.lang.String)[pri:0, instance:suiteb.TestB@53aad5d5]" started-at="2021-03-02T08:07:32 CST" name="testB" data-provider="dataSuiteB" finished-at="2021-03-02T08:07:35 CST" duration-ms="3017" status="PASS">
          <params>
            <param index="0">
              <value>
                <![CDATA[U2B]]>
              </value>
            </param>
            <param index="1">
              <value>
                <![CDATA[P2B]]>
              </value>
            </param>
          </params>
          <reporter-output>
          </reporter-output>
        </test-method> <!-- testB -->
        <test-method is-config="true" signature="quit()[pri:0, instance:suiteb.TestB@53aad5d5]" started-at="2021-03-02T08:07:35 CST" name="quit" finished-at="2021-03-02T08:07:36 CST" duration-ms="36" status="PASS">
          <reporter-output>
          </reporter-output>
        </test-method> <!-- quit -->
      </class> <!-- suiteb.TestB -->
    </test> <!-- Test B -->
    <test started-at="2021-03-02T08:07:36 CST" name="Test BB" finished-at="2021-03-02T08:07:42 CST" duration-ms="6200">
      <class name="suiteb.TestBB">
        <test-method is-config="true" signature="init(org.testng.ITestContext, org.testng.ITestResult)[pri:0, instance:suiteb.TestBB@68e965f5]" started-at="2021-03-02T08:07:36 CST" name="init" finished-at="2021-03-02T08:07:36 CST" duration-ms="1" status="PASS">
          <params>
            <param index="0">
              <value>
                <![CDATA[org.testng.TestRunner@9d157ff]]>
              </value>
            </param>
            <param index="1">
              <value>
                <![CDATA[[TestResult name={null} status=CREATED method=TestBB.testBB(java.lang.String, java.lang.String)[pri:0, instance:suiteb.TestBB@68e965f5] output={null}]]]>
              </value>
            </param>
          </params>
          <reporter-output>
          </reporter-output>
        </test-method> <!-- init -->
        <test-method signature="testBB(java.lang.String, java.lang.String)[pri:0, instance:suiteb.TestBB@68e965f5]" started-at="2021-03-02T08:07:36 CST" name="testBB" data-provider="dataSuiteB" finished-at="2021-03-02T08:07:39 CST" duration-ms="3012" status="PASS">
          <params>
            <param index="0">
              <value>
                <![CDATA[U1BB]]>
              </value>
            </param>
            <param index="1">
              <value>
                <![CDATA[P1BB]]>
              </value>
            </param>
          </params>
          <reporter-output>
          </reporter-output>
        </test-method> <!-- testBB -->
        <test-method is-config="true" signature="quit()[pri:0, instance:suiteb.TestBB@68e965f5]" started-at="2021-03-02T08:07:39 CST" name="quit" finished-at="2021-03-02T08:07:39 CST" duration-ms="74" status="PASS">
          <reporter-output>
          </reporter-output>
        </test-method> <!-- quit -->
        <test-method is-config="true" signature="init(org.testng.ITestContext, org.testng.ITestResult)[pri:0, instance:suiteb.TestBB@68e965f5]" started-at="2021-03-02T08:07:39 CST" name="init" finished-at="2021-03-02T08:07:39 CST" duration-ms="5" status="PASS">
          <params>
            <param index="0">
              <value>
                <![CDATA[org.testng.TestRunner@9d157ff]]>
              </value>
            </param>
            <param index="1">
              <value>
                <![CDATA[[TestResult name={null} status=CREATED method=TestBB.testBB(java.lang.String, java.lang.String)[pri:0, instance:suiteb.TestBB@68e965f5] output={null}]]]>
              </value>
            </param>
          </params>
          <reporter-output>
          </reporter-output>
        </test-method> <!-- init -->
        <test-method signature="testBB(java.lang.String, java.lang.String)[pri:0, instance:suiteb.TestBB@68e965f5]" started-at="2021-03-02T08:07:39 CST" name="testBB" data-provider="dataSuiteB" finished-at="2021-03-02T08:07:42 CST" duration-ms="3013" status="PASS">
          <params>
            <param index="0">
              <value>
                <![CDATA[U2BB]]>
              </value>
            </param>
            <param index="1">
              <value>
                <![CDATA[P2BB]]>
              </value>
            </param>
          </params>
          <reporter-output>
          </reporter-output>
        </test-method> <!-- testBB -->
        <test-method is-config="true" signature="quit()[pri:0, instance:suiteb.TestBB@68e965f5]" started-at="2021-03-02T08:07:42 CST" name="quit" finished-at="2021-03-02T08:07:42 CST" duration-ms="71" status="PASS">
          <reporter-output>
          </reporter-output>
        </test-method> <!-- quit -->
      </class> <!-- suiteb.TestBB -->
    </test> <!-- Test BB -->
  </suite> <!-- Suite B -->
  <suite started-at="2021-03-02T08:07:42 CST" name="Suite C" finished-at="2021-03-02T08:07:49 CST" duration-ms="6704">
    <groups>
      <group name="sanity">
        <method signature="TestC.testC(java.lang.String, java.lang.String)[pri:0, instance:suitec.TestC@2525ff7e]" name="testC" class="suitec.TestC"/>
      </group> <!-- sanity -->
      <group name="Browser">
        <method signature="TestC.testC(java.lang.String, java.lang.String)[pri:0, instance:suitec.TestC@2525ff7e]" name="testC" class="suitec.TestC"/>
      </group> <!-- Browser -->
    </groups>
    <test started-at="2021-03-02T08:07:42 CST" name="Test C" finished-at="2021-03-02T08:07:42 CST" duration-ms="435">
      <class name="suitec.TestC">
        <test-method is-config="true" signature="init(org.testng.ITestContext, org.testng.ITestResult)[pri:0, instance:suitec.TestC@2525ff7e]" started-at="2021-03-02T08:07:42 CST" name="init" finished-at="2021-03-02T08:07:42 CST" duration-ms="1" status="PASS">
          <params>
            <param index="0">
              <value>
                <![CDATA[org.testng.TestRunner@7c041b41]]>
              </value>
            </param>
            <param index="1">
              <value>
                <![CDATA[[TestResult name={null} status=CREATED method=TestC.testC(java.lang.String, java.lang.String)[pri:0, instance:suitec.TestC@2525ff7e] output={null}]]]>
              </value>
            </param>
          </params>
          <reporter-output>
          </reporter-output>
        </test-method> <!-- init -->
        <test-method signature="testC(java.lang.String, java.lang.String)[pri:0, instance:suitec.TestC@2525ff7e]" started-at="2021-03-02T08:07:42 CST" name="testC" data-provider="dataSuiteC" finished-at="2021-03-02T08:07:42 CST" duration-ms="14" status="FAIL">
          <params>
            <param index="0">
              <value>
                <![CDATA[U1C]]>
              </value>
            </param>
            <param index="1">
              <value>
                <![CDATA[P1C]]>
              </value>
            </param>
          </params>
          <exception class="java.lang.AssertionError">
            <message>
              <![CDATA[The following asserts failed:
a is not equals to b]]>
            </message>
            <full-stacktrace>
              <![CDATA[java.lang.AssertionError: The following asserts failed:
a is not equals to b
at org.testng.asserts.SoftAssert.assertAll(SoftAssert.java:47)
at org.testng.asserts.SoftAssert.assertAll(SoftAssert.java:31)
at testBase.TestBase.failAndStop(TestBase.java:68)
at suitec.TestC.testC(TestC.java:14)
at java.base/jdk.internal.reflect.NativeMethodAccessorImpl.invoke0(Native Method)
at java.base/jdk.internal.reflect.NativeMethodAccessorImpl.invoke(NativeMethodAccessorImpl.java:62)
at java.base/jdk.internal.reflect.DelegatingMethodAccessorImpl.invoke(DelegatingMethodAccessorImpl.java:43)
at java.base/java.lang.reflect.Method.invoke(Method.java:566)
at org.testng.internal.MethodInvocationHelper.invokeMethod(MethodInvocationHelper.java:133)
at org.testng.internal.TestInvoker.invokeMethod(TestInvoker.java:584)
at org.testng.internal.TestInvoker.invokeTestMethod(TestInvoker.java:172)
at org.testng.internal.MethodRunner.runInSequence(MethodRunner.java:46)
at org.testng.internal.TestInvoker$MethodInvocationAgent.invoke(TestInvoker.java:804)
at org.testng.internal.TestInvoker.invokeTestMethods(TestInvoker.java:145)
at org.testng.internal.TestMethodWorker.invokeTestMethods(TestMethodWorker.java:146)
at org.testng.internal.TestMethodWorker.run(TestMethodWorker.java:128)
at java.base/java.util.ArrayList.forEach(ArrayList.java:1541)
at org.testng.TestRunner.privateRun(TestRunner.java:770)
at org.testng.TestRunner.run(TestRunner.java:591)
at org.testng.SuiteRunner.runTest(SuiteRunner.java:402)
at org.testng.SuiteRunner.runSequentially(SuiteRunner.java:396)
at org.testng.SuiteRunner.privateRun(SuiteRunner.java:355)
at org.testng.SuiteRunner.run(SuiteRunner.java:304)
at org.testng.SuiteRunnerWorker.runSuite(SuiteRunnerWorker.java:53)
at org.testng.SuiteRunnerWorker.run(SuiteRunnerWorker.java:96)
at org.testng.TestNG.runSuitesSequentially(TestNG.java:1180)
at org.testng.TestNG.runSuitesSequentially(TestNG.java:1175)
at org.testng.TestNG.runSuitesLocally(TestNG.java:1102)
at org.testng.TestNG.runSuites(TestNG.java:1032)
at org.testng.TestNG.run(TestNG.java:1000)
at org.apache.maven.surefire.testng.TestNGExecutor.run(TestNGExecutor.java:283)
at org.apache.maven.surefire.testng.TestNGXmlTestSuite.execute(TestNGXmlTestSuite.java:75)
at org.apache.maven.surefire.testng.TestNGProvider.invoke(TestNGProvider.java:120)
at org.apache.maven.surefire.booter.ForkedBooter.runSuitesInProcess(ForkedBooter.java:377)
at org.apache.maven.surefire.booter.ForkedBooter.execute(ForkedBooter.java:138)
at org.apache.maven.surefire.booter.ForkedBooter.run(ForkedBooter.java:465)
at org.apache.maven.surefire.booter.ForkedBooter.main(ForkedBooter.java:451)
]]>
            </full-stacktrace>
          </exception> <!-- java.lang.AssertionError -->
          <reporter-output>
          </reporter-output>
        </test-method> <!-- testC -->
        <test-method is-config="true" signature="quit()[pri:0, instance:suitec.TestC@2525ff7e]" started-at="2021-03-02T08:07:42 CST" name="quit" finished-at="2021-03-02T08:07:42 CST" duration-ms="61" status="PASS">
          <reporter-output>
          </reporter-output>
        </test-method> <!-- quit -->
        <test-method is-config="true" signature="init(org.testng.ITestContext, org.testng.ITestResult)[pri:0, instance:suitec.TestC@2525ff7e]" started-at="2021-03-02T08:07:42 CST" name="init" finished-at="2021-03-02T08:07:42 CST" duration-ms="3" status="PASS">
          <params>
            <param index="0">
              <value>
                <![CDATA[org.testng.TestRunner@7c041b41]]>
              </value>
            </param>
            <param index="1">
              <value>
                <![CDATA[[TestResult name={null} status=CREATED method=TestC.testC(java.lang.String, java.lang.String)[pri:0, instance:suitec.TestC@2525ff7e] output={null}]]]>
              </value>
            </param>
          </params>
          <reporter-output>
          </reporter-output>
        </test-method> <!-- init -->
        <test-method signature="testC(java.lang.String, java.lang.String)[pri:0, instance:suitec.TestC@2525ff7e]" started-at="2021-03-02T08:07:42 CST" name="testC" data-provider="dataSuiteC" finished-at="2021-03-02T08:07:42 CST" duration-ms="13" status="FAIL">
          <params>
            <param index="0">
              <value>
                <![CDATA[U2C]]>
              </value>
            </param>
            <param index="1">
              <value>
                <![CDATA[P2C]]>
              </value>
            </param>
          </params>
          <exception class="java.lang.AssertionError">
            <message>
              <![CDATA[The following asserts failed:
a is not equals to b]]>
            </message>
            <full-stacktrace>
              <![CDATA[java.lang.AssertionError: The following asserts failed:
a is not equals to b
at org.testng.asserts.SoftAssert.assertAll(SoftAssert.java:47)
at org.testng.asserts.SoftAssert.assertAll(SoftAssert.java:31)
at testBase.TestBase.failAndStop(TestBase.java:68)
at suitec.TestC.testC(TestC.java:14)
at java.base/jdk.internal.reflect.NativeMethodAccessorImpl.invoke0(Native Method)
at java.base/jdk.internal.reflect.NativeMethodAccessorImpl.invoke(NativeMethodAccessorImpl.java:62)
at java.base/jdk.internal.reflect.DelegatingMethodAccessorImpl.invoke(DelegatingMethodAccessorImpl.java:43)
at java.base/java.lang.reflect.Method.invoke(Method.java:566)
at org.testng.internal.MethodInvocationHelper.invokeMethod(MethodInvocationHelper.java:133)
at org.testng.internal.TestInvoker.invokeMethod(TestInvoker.java:584)
at org.testng.internal.TestInvoker.invokeTestMethod(TestInvoker.java:172)
at org.testng.internal.MethodRunner.runInSequence(MethodRunner.java:46)
at org.testng.internal.TestInvoker$MethodInvocationAgent.invoke(TestInvoker.java:804)
at org.testng.internal.TestInvoker.invokeTestMethods(TestInvoker.java:145)
at org.testng.internal.TestMethodWorker.invokeTestMethods(TestMethodWorker.java:146)
at org.testng.internal.TestMethodWorker.run(TestMethodWorker.java:128)
at java.base/java.util.ArrayList.forEach(ArrayList.java:1541)
at org.testng.TestRunner.privateRun(TestRunner.java:770)
at org.testng.TestRunner.run(TestRunner.java:591)
at org.testng.SuiteRunner.runTest(SuiteRunner.java:402)
at org.testng.SuiteRunner.runSequentially(SuiteRunner.java:396)
at org.testng.SuiteRunner.privateRun(SuiteRunner.java:355)
at org.testng.SuiteRunner.run(SuiteRunner.java:304)
at org.testng.SuiteRunnerWorker.runSuite(SuiteRunnerWorker.java:53)
at org.testng.SuiteRunnerWorker.run(SuiteRunnerWorker.java:96)
at org.testng.TestNG.runSuitesSequentially(TestNG.java:1180)
at org.testng.TestNG.runSuitesSequentially(TestNG.java:1175)
at org.testng.TestNG.runSuitesLocally(TestNG.java:1102)
at org.testng.TestNG.runSuites(TestNG.java:1032)
at org.testng.TestNG.run(TestNG.java:1000)
at org.apache.maven.surefire.testng.TestNGExecutor.run(TestNGExecutor.java:283)
at org.apache.maven.surefire.testng.TestNGXmlTestSuite.execute(TestNGXmlTestSuite.java:75)
at org.apache.maven.surefire.testng.TestNGProvider.invoke(TestNGProvider.java:120)
at org.apache.maven.surefire.booter.ForkedBooter.runSuitesInProcess(ForkedBooter.java:377)
at org.apache.maven.surefire.booter.ForkedBooter.execute(ForkedBooter.java:138)
at org.apache.maven.surefire.booter.ForkedBooter.run(ForkedBooter.java:465)
at org.apache.maven.surefire.booter.ForkedBooter.main(ForkedBooter.java:451)
]]>
            </full-stacktrace>
          </exception> <!-- java.lang.AssertionError -->
          <reporter-output>
          </reporter-output>
        </test-method> <!-- testC -->
        <test-method is-config="true" signature="quit()[pri:0, instance:suitec.TestC@2525ff7e]" started-at="2021-03-02T08:07:42 CST" name="quit" finished-at="2021-03-02T08:07:42 CST" duration-ms="329" status="PASS">
          <reporter-output>
          </reporter-output>
        </test-method> <!-- quit -->
      </class> <!-- suitec.TestC -->
    </test> <!-- Test C -->
    <test started-at="2021-03-02T08:07:42 CST" name="Test CC" finished-at="2021-03-02T08:07:49 CST" duration-ms="6182">
      <class name="suitec.TestCC">
        <test-method is-config="true" signature="init(org.testng.ITestContext, org.testng.ITestResult)[pri:0, instance:suitec.TestCC@306cf3ea]" started-at="2021-03-02T08:07:42 CST" name="init" finished-at="2021-03-02T08:07:42 CST" duration-ms="4" status="PASS">
          <params>
            <param index="0">
              <value>
                <![CDATA[org.testng.TestRunner@2cab9998]]>
              </value>
            </param>
            <param index="1">
              <value>
                <![CDATA[[TestResult name={null} status=CREATED method=TestCC.testCC(java.lang.String, java.lang.String)[pri:0, instance:suitec.TestCC@306cf3ea] output={null}]]]>
              </value>
            </param>
          </params>
          <reporter-output>
          </reporter-output>
        </test-method> <!-- init -->
        <test-method signature="testCC(java.lang.String, java.lang.String)[pri:0, instance:suitec.TestCC@306cf3ea]" started-at="2021-03-02T08:07:42 CST" name="testCC" data-provider="dataSuiteC" finished-at="2021-03-02T08:07:45 CST" duration-ms="3015" status="FAIL">
          <params>
            <param index="0">
              <value>
                <![CDATA[U1CC]]>
              </value>
            </param>
            <param index="1">
              <value>
                <![CDATA[P1CC]]>
              </value>
            </param>
          </params>
          <exception class="java.lang.AssertionError">
            <message>
              <![CDATA[The following asserts failed:
Text doesn't match]]>
            </message>
            <full-stacktrace>
              <![CDATA[java.lang.AssertionError: The following asserts failed:
Text doesn't match
at org.testng.asserts.SoftAssert.assertAll(SoftAssert.java:47)
at org.testng.asserts.SoftAssert.assertAll(SoftAssert.java:31)
at suitec.TestCC.testCC(TestCC.java:16)
at java.base/jdk.internal.reflect.NativeMethodAccessorImpl.invoke0(Native Method)
at java.base/jdk.internal.reflect.NativeMethodAccessorImpl.invoke(NativeMethodAccessorImpl.java:62)
at java.base/jdk.internal.reflect.DelegatingMethodAccessorImpl.invoke(DelegatingMethodAccessorImpl.java:43)
at java.base/java.lang.reflect.Method.invoke(Method.java:566)
at org.testng.internal.MethodInvocationHelper.invokeMethod(MethodInvocationHelper.java:133)
at org.testng.internal.TestInvoker.invokeMethod(TestInvoker.java:584)
at org.testng.internal.TestInvoker.invokeTestMethod(TestInvoker.java:172)
at org.testng.internal.MethodRunner.runInSequence(MethodRunner.java:46)
at org.testng.internal.TestInvoker$MethodInvocationAgent.invoke(TestInvoker.java:804)
at org.testng.internal.TestInvoker.invokeTestMethods(TestInvoker.java:145)
at org.testng.internal.TestMethodWorker.invokeTestMethods(TestMethodWorker.java:146)
at org.testng.internal.TestMethodWorker.run(TestMethodWorker.java:128)
at java.base/java.util.ArrayList.forEach(ArrayList.java:1541)
at org.testng.TestRunner.privateRun(TestRunner.java:770)
at org.testng.TestRunner.run(TestRunner.java:591)
at org.testng.SuiteRunner.runTest(SuiteRunner.java:402)
at org.testng.SuiteRunner.runSequentially(SuiteRunner.java:396)
at org.testng.SuiteRunner.privateRun(SuiteRunner.java:355)
at org.testng.SuiteRunner.run(SuiteRunner.java:304)
at org.testng.SuiteRunnerWorker.runSuite(SuiteRunnerWorker.java:53)
at org.testng.SuiteRunnerWorker.run(SuiteRunnerWorker.java:96)
at org.testng.TestNG.runSuitesSequentially(TestNG.java:1180)
at org.testng.TestNG.runSuitesSequentially(TestNG.java:1175)
at org.testng.TestNG.runSuitesLocally(TestNG.java:1102)
at org.testng.TestNG.runSuites(TestNG.java:1032)
at org.testng.TestNG.run(TestNG.java:1000)
at org.apache.maven.surefire.testng.TestNGExecutor.run(TestNGExecutor.java:283)
at org.apache.maven.surefire.testng.TestNGXmlTestSuite.execute(TestNGXmlTestSuite.java:75)
at org.apache.maven.surefire.testng.TestNGProvider.invoke(TestNGProvider.java:120)
at org.apache.maven.surefire.booter.ForkedBooter.runSuitesInProcess(ForkedBooter.java:377)
at org.apache.maven.surefire.booter.ForkedBooter.execute(ForkedBooter.java:138)
at org.apache.maven.surefire.booter.ForkedBooter.run(ForkedBooter.java:465)
at org.apache.maven.surefire.booter.ForkedBooter.main(ForkedBooter.java:451)
]]>
            </full-stacktrace>
          </exception> <!-- java.lang.AssertionError -->
          <reporter-output>
          </reporter-output>
        </test-method> <!-- testCC -->
        <test-method is-config="true" signature="quit()[pri:0, instance:suitec.TestCC@306cf3ea]" started-at="2021-03-02T08:07:45 CST" name="quit" finished-at="2021-03-02T08:07:45 CST" duration-ms="58" status="PASS">
          <reporter-output>
          </reporter-output>
        </test-method> <!-- quit -->
        <test-method is-config="true" signature="init(org.testng.ITestContext, org.testng.ITestResult)[pri:0, instance:suitec.TestCC@306cf3ea]" started-at="2021-03-02T08:07:45 CST" name="init" finished-at="2021-03-02T08:07:45 CST" duration-ms="2" status="PASS">
          <params>
            <param index="0">
              <value>
                <![CDATA[org.testng.TestRunner@2cab9998]]>
              </value>
            </param>
            <param index="1">
              <value>
                <![CDATA[[TestResult name={null} status=CREATED method=TestCC.testCC(java.lang.String, java.lang.String)[pri:0, instance:suitec.TestCC@306cf3ea] output={null}]]]>
              </value>
            </param>
          </params>
          <reporter-output>
          </reporter-output>
        </test-method> <!-- init -->
        <test-method signature="testCC(java.lang.String, java.lang.String)[pri:0, instance:suitec.TestCC@306cf3ea]" started-at="2021-03-02T08:07:45 CST" name="testCC" data-provider="dataSuiteC" finished-at="2021-03-02T08:07:48 CST" duration-ms="3005" status="FAIL">
          <params>
            <param index="0">
              <value>
                <![CDATA[U2CC]]>
              </value>
            </param>
            <param index="1">
              <value>
                <![CDATA[P2CC]]>
              </value>
            </param>
          </params>
          <exception class="java.lang.AssertionError">
            <message>
              <![CDATA[The following asserts failed:
Text doesn't match]]>
            </message>
            <full-stacktrace>
              <![CDATA[java.lang.AssertionError: The following asserts failed:
Text doesn't match
at org.testng.asserts.SoftAssert.assertAll(SoftAssert.java:47)
at org.testng.asserts.SoftAssert.assertAll(SoftAssert.java:31)
at suitec.TestCC.testCC(TestCC.java:16)
at java.base/jdk.internal.reflect.NativeMethodAccessorImpl.invoke0(Native Method)
at java.base/jdk.internal.reflect.NativeMethodAccessorImpl.invoke(NativeMethodAccessorImpl.java:62)
at java.base/jdk.internal.reflect.DelegatingMethodAccessorImpl.invoke(DelegatingMethodAccessorImpl.java:43)
at java.base/java.lang.reflect.Method.invoke(Method.java:566)
at org.testng.internal.MethodInvocationHelper.invokeMethod(MethodInvocationHelper.java:133)
at org.testng.internal.TestInvoker.invokeMethod(TestInvoker.java:584)
at org.testng.internal.TestInvoker.invokeTestMethod(TestInvoker.java:172)
at org.testng.internal.MethodRunner.runInSequence(MethodRunner.java:46)
at org.testng.internal.TestInvoker$MethodInvocationAgent.invoke(TestInvoker.java:804)
at org.testng.internal.TestInvoker.invokeTestMethods(TestInvoker.java:145)
at org.testng.internal.TestMethodWorker.invokeTestMethods(TestMethodWorker.java:146)
at org.testng.internal.TestMethodWorker.run(TestMethodWorker.java:128)
at java.base/java.util.ArrayList.forEach(ArrayList.java:1541)
at org.testng.TestRunner.privateRun(TestRunner.java:770)
at org.testng.TestRunner.run(TestRunner.java:591)
at org.testng.SuiteRunner.runTest(SuiteRunner.java:402)
at org.testng.SuiteRunner.runSequentially(SuiteRunner.java:396)
at org.testng.SuiteRunner.privateRun(SuiteRunner.java:355)
at org.testng.SuiteRunner.run(SuiteRunner.java:304)
at org.testng.SuiteRunnerWorker.runSuite(SuiteRunnerWorker.java:53)
at org.testng.SuiteRunnerWorker.run(SuiteRunnerWorker.java:96)
at org.testng.TestNG.runSuitesSequentially(TestNG.java:1180)
at org.testng.TestNG.runSuitesSequentially(TestNG.java:1175)
at org.testng.TestNG.runSuitesLocally(TestNG.java:1102)
at org.testng.TestNG.runSuites(TestNG.java:1032)
at org.testng.TestNG.run(TestNG.java:1000)
at org.apache.maven.surefire.testng.TestNGExecutor.run(TestNGExecutor.java:283)
at org.apache.maven.surefire.testng.TestNGXmlTestSuite.execute(TestNGXmlTestSuite.java:75)
at org.apache.maven.surefire.testng.TestNGProvider.invoke(TestNGProvider.java:120)
at org.apache.maven.surefire.booter.ForkedBooter.runSuitesInProcess(ForkedBooter.java:377)
at org.apache.maven.surefire.booter.ForkedBooter.execute(ForkedBooter.java:138)
at org.apache.maven.surefire.booter.ForkedBooter.run(ForkedBooter.java:465)
at org.apache.maven.surefire.booter.ForkedBooter.main(ForkedBooter.java:451)
]]>
            </full-stacktrace>
          </exception> <!-- java.lang.AssertionError -->
          <reporter-output>
          </reporter-output>
        </test-method> <!-- testCC -->
        <test-method is-config="true" signature="quit()[pri:0, instance:suitec.TestCC@306cf3ea]" started-at="2021-03-02T08:07:48 CST" name="quit" finished-at="2021-03-02T08:07:48 CST" duration-ms="81" status="PASS">
          <reporter-output>
          </reporter-output>
        </test-method> <!-- quit -->
      </class> <!-- suitec.TestCC -->
    </test> <!-- Test CC -->
  </suite> <!-- Suite C -->
  <suite started-at="2021-03-02T08:07:49 CST" name="My Test Suite" finished-at="2021-03-02T08:07:49 CST" duration-ms="0">
    <groups>
    </groups>
  </suite> <!-- My Test Suite -->
  <suite started-at="2021-03-02T08:07:15 CST" name="Suite A" finished-at="2021-03-02T08:07:29 CST" duration-ms="14743">
    <groups>
      <group name="sanity">
        <method signature="TestA.testA(java.lang.String, java.lang.String)[pri:0, instance:suitea.TestA@672872e1]" name="testA" class="suitea.TestA"/>
      </group> <!-- sanity -->
      <group name="Browser">
        <method signature="TestA.testA(java.lang.String, java.lang.String)[pri:0, instance:suitea.TestA@672872e1]" name="testA" class="suitea.TestA"/>
      </group> <!-- Browser -->
    </groups>
    <test started-at="2021-03-02T08:07:15 CST" name="Test A" finished-at="2021-03-02T08:07:23 CST" duration-ms="8339">
      <class name="suitea.TestA">
        <test-method is-config="true" signature="init(org.testng.ITestContext, org.testng.ITestResult)[pri:0, instance:suitea.TestA@672872e1]" started-at="2021-03-02T08:07:15 CST" name="init" finished-at="2021-03-02T08:07:15 CST" duration-ms="677" status="PASS">
          <params>
            <param index="0">
              <value>
                <![CDATA[org.testng.TestRunner@3a1d593e]]>
              </value>
            </param>
            <param index="1">
              <value>
                <![CDATA[[TestResult name={null} status=CREATED method=TestA.testA(java.lang.String, java.lang.String)[pri:0, instance:suitea.TestA@672872e1] output={null}]]]>
              </value>
            </param>
          </params>
          <reporter-output>
          </reporter-output>
        </test-method> <!-- init -->
        <test-method signature="testA(java.lang.String, java.lang.String)[pri:0, instance:suitea.TestA@672872e1]" started-at="2021-03-02T08:07:15 CST" name="testA" data-provider="dataSuiteA" finished-at="2021-03-02T08:07:18 CST" duration-ms="3029" status="PASS">
          <params>
            <param index="0">
              <value>
                <![CDATA[U1A]]>
              </value>
            </param>
            <param index="1">
              <value>
                <![CDATA[P1A]]>
              </value>
            </param>
          </params>
          <reporter-output>
          </reporter-output>
        </test-method> <!-- testA -->
        <test-method is-config="true" signature="quit()[pri:0, instance:suitea.TestA@672872e1]" started-at="2021-03-02T08:07:18 CST" name="quit" finished-at="2021-03-02T08:07:20 CST" duration-ms="1427" status="PASS">
          <reporter-output>
          </reporter-output>
        </test-method> <!-- quit -->
        <test-method is-config="true" signature="init(org.testng.ITestContext, org.testng.ITestResult)[pri:0, instance:suitea.TestA@672872e1]" started-at="2021-03-02T08:07:20 CST" name="init" finished-at="2021-03-02T08:07:20 CST" duration-ms="2" status="PASS">
          <params>
            <param index="0">
              <value>
                <![CDATA[org.testng.TestRunner@3a1d593e]]>
              </value>
            </param>
            <param index="1">
              <value>
                <![CDATA[[TestResult name={null} status=CREATED method=TestA.testA(java.lang.String, java.lang.String)[pri:0, instance:suitea.TestA@672872e1] output={null}]]]>
              </value>
            </param>
          </params>
          <reporter-output>
          </reporter-output>
        </test-method> <!-- init -->
        <test-method signature="testA(java.lang.String, java.lang.String)[pri:0, instance:suitea.TestA@672872e1]" started-at="2021-03-02T08:07:20 CST" name="testA" data-provider="dataSuiteA" finished-at="2021-03-02T08:07:23 CST" duration-ms="3003" status="PASS">
          <params>
            <param index="0">
              <value>
                <![CDATA[U2A]]>
              </value>
            </param>
            <param index="1">
              <value>
                <![CDATA[P2A]]>
              </value>
            </param>
          </params>
          <reporter-output>
          </reporter-output>
        </test-method> <!-- testA -->
        <test-method is-config="true" signature="quit()[pri:0, instance:suitea.TestA@672872e1]" started-at="2021-03-02T08:07:23 CST" name="quit" finished-at="2021-03-02T08:07:23 CST" duration-ms="29" status="PASS">
          <reporter-output>
          </reporter-output>
        </test-method> <!-- quit -->
      </class> <!-- suitea.TestA -->
    </test> <!-- Test A -->
    <test started-at="2021-03-02T08:07:23 CST" name="Test AA" finished-at="2021-03-02T08:07:29 CST" duration-ms="6287">
      <class name="suitea.TestAA">
        <test-method is-config="true" signature="init(org.testng.ITestContext, org.testng.ITestResult)[pri:0, instance:suitea.TestAA@3c947bc5]" started-at="2021-03-02T08:07:23 CST" name="init" finished-at="2021-03-02T08:07:23 CST" duration-ms="3" status="PASS">
          <params>
            <param index="0">
              <value>
                <![CDATA[org.testng.TestRunner@7859e786]]>
              </value>
            </param>
            <param index="1">
              <value>
                <![CDATA[[TestResult name={null} status=CREATED method=TestAA.testAA(java.lang.String, java.lang.String)[pri:0, instance:suitea.TestAA@3c947bc5] output={null}]]]>
              </value>
            </param>
          </params>
          <reporter-output>
          </reporter-output>
        </test-method> <!-- init -->
        <test-method signature="testAA(java.lang.String, java.lang.String)[pri:0, instance:suitea.TestAA@3c947bc5]" started-at="2021-03-02T08:07:23 CST" name="testAA" data-provider="dataSuiteA" finished-at="2021-03-02T08:07:26 CST" duration-ms="3033" status="FAIL">
          <params>
            <param index="0">
              <value>
                <![CDATA[U1AA]]>
              </value>
            </param>
            <param index="1">
              <value>
                <![CDATA[P1AA]]>
              </value>
            </param>
          </params>
          <exception class="java.lang.AssertionError">
            <message>
              <![CDATA[The following asserts failed:
Text doesn't match]]>
            </message>
            <full-stacktrace>
              <![CDATA[java.lang.AssertionError: The following asserts failed:
Text doesn't match
at org.testng.asserts.SoftAssert.assertAll(SoftAssert.java:47)
at org.testng.asserts.SoftAssert.assertAll(SoftAssert.java:31)
at suitea.TestAA.testAA(TestAA.java:21)
at java.base/jdk.internal.reflect.NativeMethodAccessorImpl.invoke0(Native Method)
at java.base/jdk.internal.reflect.NativeMethodAccessorImpl.invoke(NativeMethodAccessorImpl.java:62)
at java.base/jdk.internal.reflect.DelegatingMethodAccessorImpl.invoke(DelegatingMethodAccessorImpl.java:43)
at java.base/java.lang.reflect.Method.invoke(Method.java:566)
at org.testng.internal.MethodInvocationHelper.invokeMethod(MethodInvocationHelper.java:133)
at org.testng.internal.TestInvoker.invokeMethod(TestInvoker.java:584)
at org.testng.internal.TestInvoker.invokeTestMethod(TestInvoker.java:172)
at org.testng.internal.MethodRunner.runInSequence(MethodRunner.java:46)
at org.testng.internal.TestInvoker$MethodInvocationAgent.invoke(TestInvoker.java:804)
at org.testng.internal.TestInvoker.invokeTestMethods(TestInvoker.java:145)
at org.testng.internal.TestMethodWorker.invokeTestMethods(TestMethodWorker.java:146)
at org.testng.internal.TestMethodWorker.run(TestMethodWorker.java:128)
at java.base/java.util.ArrayList.forEach(ArrayList.java:1541)
at org.testng.TestRunner.privateRun(TestRunner.java:770)
at org.testng.TestRunner.run(TestRunner.java:591)
at org.testng.SuiteRunner.runTest(SuiteRunner.java:402)
at org.testng.SuiteRunner.runSequentially(SuiteRunner.java:396)
at org.testng.SuiteRunner.privateRun(SuiteRunner.java:355)
at org.testng.SuiteRunner.run(SuiteRunner.java:304)
at org.testng.SuiteRunnerWorker.runSuite(SuiteRunnerWorker.java:53)
at org.testng.SuiteRunnerWorker.run(SuiteRunnerWorker.java:96)
at org.testng.TestNG.runSuitesSequentially(TestNG.java:1180)
at org.testng.TestNG.runSuitesSequentially(TestNG.java:1175)
at org.testng.TestNG.runSuitesLocally(TestNG.java:1102)
at org.testng.TestNG.runSuites(TestNG.java:1032)
at org.testng.TestNG.run(TestNG.java:1000)
at org.apache.maven.surefire.testng.TestNGExecutor.run(TestNGExecutor.java:283)
at org.apache.maven.surefire.testng.TestNGXmlTestSuite.execute(TestNGXmlTestSuite.java:75)
at org.apache.maven.surefire.testng.TestNGProvider.invoke(TestNGProvider.java:120)
at org.apache.maven.surefire.booter.ForkedBooter.runSuitesInProcess(ForkedBooter.java:377)
at org.apache.maven.surefire.booter.ForkedBooter.execute(ForkedBooter.java:138)
at org.apache.maven.surefire.booter.ForkedBooter.run(ForkedBooter.java:465)
at org.apache.maven.surefire.booter.ForkedBooter.main(ForkedBooter.java:451)
]]>
            </full-stacktrace>
          </exception> <!-- java.lang.AssertionError -->
          <reporter-output>
          </reporter-output>
        </test-method> <!-- testAA -->
        <test-method is-config="true" signature="quit()[pri:0, instance:suitea.TestAA@3c947bc5]" started-at="2021-03-02T08:07:26 CST" name="quit" finished-at="2021-03-02T08:07:26 CST" duration-ms="159" status="PASS">
          <reporter-output>
          </reporter-output>
        </test-method> <!-- quit -->
        <test-method is-config="true" signature="init(org.testng.ITestContext, org.testng.ITestResult)[pri:0, instance:suitea.TestAA@3c947bc5]" started-at="2021-03-02T08:07:26 CST" name="init" finished-at="2021-03-02T08:07:26 CST" duration-ms="1" status="PASS">
          <params>
            <param index="0">
              <value>
                <![CDATA[org.testng.TestRunner@7859e786]]>
              </value>
            </param>
            <param index="1">
              <value>
                <![CDATA[[TestResult name={null} status=CREATED method=TestAA.testAA(java.lang.String, java.lang.String)[pri:0, instance:suitea.TestAA@3c947bc5] output={null}]]]>
              </value>
            </param>
          </params>
          <reporter-output>
          </reporter-output>
        </test-method> <!-- init -->
        <test-method signature="testAA(java.lang.String, java.lang.String)[pri:0, instance:suitea.TestAA@3c947bc5]" started-at="2021-03-02T08:07:26 CST" name="testAA" data-provider="dataSuiteA" finished-at="2021-03-02T08:07:29 CST" duration-ms="3015" status="FAIL">
          <params>
            <param index="0">
              <value>
                <![CDATA[U2AA]]>
              </value>
            </param>
            <param index="1">
              <value>
                <![CDATA[p2AA]]>
              </value>
            </param>
          </params>
          <exception class="java.lang.AssertionError">
            <message>
              <![CDATA[The following asserts failed:
Text doesn't match]]>
            </message>
            <full-stacktrace>
              <![CDATA[java.lang.AssertionError: The following asserts failed:
Text doesn't match
at org.testng.asserts.SoftAssert.assertAll(SoftAssert.java:47)
at org.testng.asserts.SoftAssert.assertAll(SoftAssert.java:31)
at suitea.TestAA.testAA(TestAA.java:21)
at java.base/jdk.internal.reflect.NativeMethodAccessorImpl.invoke0(Native Method)
at java.base/jdk.internal.reflect.NativeMethodAccessorImpl.invoke(NativeMethodAccessorImpl.java:62)
at java.base/jdk.internal.reflect.DelegatingMethodAccessorImpl.invoke(DelegatingMethodAccessorImpl.java:43)
at java.base/java.lang.reflect.Method.invoke(Method.java:566)
at org.testng.internal.MethodInvocationHelper.invokeMethod(MethodInvocationHelper.java:133)
at org.testng.internal.TestInvoker.invokeMethod(TestInvoker.java:584)
at org.testng.internal.TestInvoker.invokeTestMethod(TestInvoker.java:172)
at org.testng.internal.MethodRunner.runInSequence(MethodRunner.java:46)
at org.testng.internal.TestInvoker$MethodInvocationAgent.invoke(TestInvoker.java:804)
at org.testng.internal.TestInvoker.invokeTestMethods(TestInvoker.java:145)
at org.testng.internal.TestMethodWorker.invokeTestMethods(TestMethodWorker.java:146)
at org.testng.internal.TestMethodWorker.run(TestMethodWorker.java:128)
at java.base/java.util.ArrayList.forEach(ArrayList.java:1541)
at org.testng.TestRunner.privateRun(TestRunner.java:770)
at org.testng.TestRunner.run(TestRunner.java:591)
at org.testng.SuiteRunner.runTest(SuiteRunner.java:402)
at org.testng.SuiteRunner.runSequentially(SuiteRunner.java:396)
at org.testng.SuiteRunner.privateRun(SuiteRunner.java:355)
at org.testng.SuiteRunner.run(SuiteRunner.java:304)
at org.testng.SuiteRunnerWorker.runSuite(SuiteRunnerWorker.java:53)
at org.testng.SuiteRunnerWorker.run(SuiteRunnerWorker.java:96)
at org.testng.TestNG.runSuitesSequentially(TestNG.java:1180)
at org.testng.TestNG.runSuitesSequentially(TestNG.java:1175)
at org.testng.TestNG.runSuitesLocally(TestNG.java:1102)
at org.testng.TestNG.runSuites(TestNG.java:1032)
at org.testng.TestNG.run(TestNG.java:1000)
at org.apache.maven.surefire.testng.TestNGExecutor.run(TestNGExecutor.java:283)
at org.apache.maven.surefire.testng.TestNGXmlTestSuite.execute(TestNGXmlTestSuite.java:75)
at org.apache.maven.surefire.testng.TestNGProvider.invoke(TestNGProvider.java:120)
at org.apache.maven.surefire.booter.ForkedBooter.runSuitesInProcess(ForkedBooter.java:377)
at org.apache.maven.surefire.booter.ForkedBooter.execute(ForkedBooter.java:138)
at org.apache.maven.surefire.booter.ForkedBooter.run(ForkedBooter.java:465)
at org.apache.maven.surefire.booter.ForkedBooter.main(ForkedBooter.java:451)
]]>
            </full-stacktrace>
          </exception> <!-- java.lang.AssertionError -->
          <reporter-output>
          </reporter-output>
        </test-method> <!-- testAA -->
        <test-method is-config="true" signature="quit()[pri:0, instance:suitea.TestAA@3c947bc5]" started-at="2021-03-02T08:07:29 CST" name="quit" finished-at="2021-03-02T08:07:29 CST" duration-ms="32" status="PASS">
          <reporter-output>
          </reporter-output>
        </test-method> <!-- quit -->
      </class> <!-- suitea.TestAA -->
    </test> <!-- Test AA -->
  </suite> <!-- Suite A -->
</testng-results>
