<?xml version="1.0" encoding="UTF-8"?>
<!-- Generated by org.testng.reporters.JUnitXMLReporter -->
<testsuite hostname="SantoshKokku" ignored="0" name="Test CC" tests="2" failures="2" timestamp="2021-03-05T11:08:52 CST" time="6.142" errors="0">
  <testcase name="testCC" time="3.013" classname="suitec.TestCC">
    <failure type="java.lang.AssertionError" message="The following asserts failed:
	Text doesn&amp;apos;t match">
      <![CDATA[java.lang.AssertionError: The following asserts failed:
Text doesn't match
at suitec.TestCC.testCC(TestCC.java:16)
at java.util.ArrayList.forEach(ArrayList.java:1259)
... Removed 34 stack frames]]>
    </failure>
  </testcase> <!-- testCC -->
  <testcase name="testCC" time="3.015" classname="suitec.TestCC">
    <failure type="java.lang.AssertionError" message="The following asserts failed:
	Text doesn&amp;apos;t match">
      <![CDATA[java.lang.AssertionError: The following asserts failed:
Text doesn't match
at suitec.TestCC.testCC(TestCC.java:16)
at java.util.ArrayList.forEach(ArrayList.java:1259)
... Removed 34 stack frames]]>
    </failure>
  </testcase> <!-- testCC -->
</testsuite> <!-- Test CC -->
