<?xml version="1.0" encoding="UTF-8"?>
<!-- Generated by org.testng.reporters.JUnitXMLReporter -->
<testsuite ignored="0" hostname="SantoshKokku" failures="2" tests="2" name="Test C" time="0.071" errors="0" timestamp="2021-02-25T09:26:00 CST">
  <testcase classname="suitec.TestC" name="testC" time="0.006">
    <failure type="java.lang.AssertionError" message="The following asserts failed:
	a is not equals to b">
      <![CDATA[java.lang.AssertionError: The following asserts failed:
a is not equals to b
at testBase.TestBase.failAndStop(TestBase.java:51)
at suitec.TestC.testC(TestC.java:14)
at java.base/java.util.ArrayList.forEach(ArrayList.java:1541)
... Removed 34 stack frames]]>
    </failure>
  </testcase> <!-- testC -->
  <testcase classname="suitec.TestC" name="testC" time="0.003">
    <failure type="java.lang.AssertionError" message="The following asserts failed:
	a is not equals to b">
      <![CDATA[java.lang.AssertionError: The following asserts failed:
a is not equals to b
at testBase.TestBase.failAndStop(TestBase.java:51)
at suitec.TestC.testC(TestC.java:14)
at java.base/java.util.ArrayList.forEach(ArrayList.java:1541)
... Removed 34 stack frames]]>
    </failure>
  </testcase> <!-- testC -->
</testsuite> <!-- Test C -->
