<?xml version="1.0" encoding="UTF-8"?>
<!-- Generated by org.testng.reporters.JUnitXMLReporter -->
<testsuite hostname="SantoshKokku" ignored="0" name="Test C" tests="2" failures="2" timestamp="2021-03-05T11:08:45 CST" time="0.081" errors="0">
  <testcase name="testC" time="0.002" classname="suitec.TestC">
    <failure type="java.lang.AssertionError" message="The following asserts failed:
	a is not equals to b">
      <![CDATA[java.lang.AssertionError: The following asserts failed:
a is not equals to b
at testBase.TestBase.failAndStop(TestBase.java:82)
at suitec.TestC.testC(TestC.java:14)
at java.util.ArrayList.forEach(ArrayList.java:1259)
... Removed 34 stack frames]]>
    </failure>
  </testcase> <!-- testC -->
  <testcase name="testC" time="0.001" classname="suitec.TestC">
    <failure type="java.lang.AssertionError" message="The following asserts failed:
	a is not equals to b">
      <![CDATA[java.lang.AssertionError: The following asserts failed:
a is not equals to b
at testBase.TestBase.failAndStop(TestBase.java:82)
at suitec.TestC.testC(TestC.java:14)
at java.util.ArrayList.forEach(ArrayList.java:1259)
... Removed 34 stack frames]]>
    </failure>
  </testcase> <!-- testC -->
</testsuite> <!-- Test C -->
