<?xml version="1.0" encoding="UTF-8"?>
<!-- Generated by org.testng.reporters.JUnitXMLReporter -->
<testsuite hostname="SantoshKokku" ignored="0" name="Test AA" tests="2" failures="2" timestamp="2021-03-05T11:08:33 CST" time="6.151" errors="0">
  <testcase name="testAA" time="3.015" classname="suitea.TestAA">
    <failure type="java.lang.AssertionError" message="The following asserts failed:
	Text doesn&amp;apos;t match">
      <![CDATA[java.lang.AssertionError: The following asserts failed:
Text doesn't match
at suitea.TestAA.testAA(TestAA.java:21)
at java.util.ArrayList.forEach(ArrayList.java:1259)
... Removed 34 stack frames]]>
    </failure>
  </testcase> <!-- testAA -->
  <testcase name="testAA" time="3.011" classname="suitea.TestAA">
    <failure type="java.lang.AssertionError" message="The following asserts failed:
	Text doesn&amp;apos;t match">
      <![CDATA[java.lang.AssertionError: The following asserts failed:
Text doesn't match
at suitea.TestAA.testAA(TestAA.java:21)
at java.util.ArrayList.forEach(ArrayList.java:1259)
... Removed 34 stack frames]]>
    </failure>
  </testcase> <!-- testAA -->
</testsuite> <!-- Test AA -->
